<?xml version="1.0" encoding="UTF-8"?>
<!-- Generated by org.testng.reporters.JUnitXMLReporter -->
<testsuite ignored="0" hostname="DESKTOP-FCLNE8N" failures="0" tests="4" name="Default test" time="0.053" errors="0" timestamp="2023-08-18T12:08:54 IST">
  <testcase classname="CommandExcn.UserRegistration" name="UserLogged" time="0.009"/>
  <testcase classname="CommandExcn.UserRegistration" name="UserLogin" time="0.001"/>
  <testcase classname="CommandExcn.UserRegistration" name="UserLogout" time="0.0"/>
  <testcase classname="CommandExcn.UserRegistration" name="UserRigister" time="0.001"/>
</testsuite> <!-- Default test -->
